0 info it worked if it ends with ok
1 verbose cli [ 'C:\\Program Files (x86)\\Nodist\\v-x64\\7.2.1\\node.exe',
1 verbose cli   'C:\\Program Files (x86)\\Nodist\\npmv\\3.10.10\\bin\\npm-cli.js',
1 verbose cli   'run',
1 verbose cli   'sass' ]
2 info using npm@3.10.10
3 info using node@v7.2.1
4 verbose run-script [ 'presass', 'sass', 'postsass' ]
5 info lifecycle lcs-betting@0.0.0~presass: lcs-betting@0.0.0
6 silly lifecycle lcs-betting@0.0.0~presass: no script for presass, continuing
7 info lifecycle lcs-betting@0.0.0~sass: lcs-betting@0.0.0
8 verbose lifecycle lcs-betting@0.0.0~sass: unsafe-perm in lifecycle true
9 verbose lifecycle lcs-betting@0.0.0~sass: PATH: C:\Program Files (x86)\Nodist\npmv\3.10.10\bin\node-gyp-bin;C:\Users\aaron\OneDrive\Documents\lcs-betting\node_modules\.bin;C:\Program Files (x86)\Nodist\v-x64\7.2.1;C:\Program Files (x86)\Razer Chroma SDK\bin;C:\Program Files\Razer Chroma SDK\bin;C:\WINDOWS\system32;C:\WINDOWS;C:\WINDOWS\System32\Wbem;C:\WINDOWS\System32\WindowsPowerShell\v1.0\;C:\Program Files (x86)\ATI Technologies\ATI.ACE\Core-Static;C:\Program Files (x86)\NVIDIA Corporation\PhysX\Common;C:\Users\aaron\AppData\Local\Microsoft\WindowsApps;C:\WINDOWS\system32;C:\WINDOWS;C:\WINDOWS\System32\Wbem;C:\WINDOWS\System32\WindowsPowerShell\v1.0\;C:\WINDOWS\System32\OpenSSH\;C:\ProgramData\chocolatey\bin;C:\Program Files\Git\cmd;C:\Program Files (x86)\Nodist\bin;C:\Users\aaron\AppData\Local\Microsoft\WindowsApps;C:\Users\aaron\AppData\Local\atom\bin;C:\Users\aaron\AppData\Local\Microsoft\WindowsApps;;C:\Users\aaron\AppData\Local\Programs\Microsoft VS Code\bin
10 verbose lifecycle lcs-betting@0.0.0~sass: CWD: C:\Users\aaron\OneDrive\Documents\lcs-betting
11 silly lifecycle lcs-betting@0.0.0~sass: Args: [ '/d /s /c', 'sass --watch public/stylesheets' ]
12 silly lifecycle lcs-betting@0.0.0~sass: Returned: code: 1  signal: null
13 info lifecycle lcs-betting@0.0.0~sass: Failed to exec sass script
14 verbose stack Error: lcs-betting@0.0.0 sass: `sass --watch public/stylesheets`
14 verbose stack Exit status 1
14 verbose stack     at EventEmitter.<anonymous> (C:\Program Files (x86)\Nodist\npmv\3.10.10\lib\utils\lifecycle.js:255:16)
14 verbose stack     at emitTwo (events.js:106:13)
14 verbose stack     at EventEmitter.emit (events.js:191:7)
14 verbose stack     at ChildProcess.<anonymous> (C:\Program Files (x86)\Nodist\npmv\3.10.10\lib\utils\spawn.js:40:14)
14 verbose stack     at emitTwo (events.js:106:13)
14 verbose stack     at ChildProcess.emit (events.js:191:7)
14 verbose stack     at maybeClose (internal/child_process.js:885:16)
14 verbose stack     at Process.ChildProcess._handle.onexit (internal/child_process.js:226:5)
15 verbose pkgid lcs-betting@0.0.0
16 verbose cwd C:\Users\aaron\OneDrive\Documents\lcs-betting
17 error Windows_NT 10.0.17134
18 error argv "C:\\Program Files (x86)\\Nodist\\v-x64\\7.2.1\\node.exe" "C:\\Program Files (x86)\\Nodist\\npmv\\3.10.10\\bin\\npm-cli.js" "run" "sass"
19 error node v7.2.1
20 error npm  v3.10.10
21 error code ELIFECYCLE
22 error lcs-betting@0.0.0 sass: `sass --watch public/stylesheets`
22 error Exit status 1
23 error Failed at the lcs-betting@0.0.0 sass script 'sass --watch public/stylesheets'.
23 error Make sure you have the latest version of node.js and npm installed.
23 error If you do, this is most likely a problem with the lcs-betting package,
23 error not with npm itself.
23 error Tell the author that this fails on your system:
23 error     sass --watch public/stylesheets
23 error You can get information on how to open an issue for this project with:
23 error     npm bugs lcs-betting
23 error Or if that isn't available, you can get their info via:
23 error     npm owner ls lcs-betting
23 error There is likely additional logging output above.
24 verbose exit [ 1, true ]
